2017-03-25T06:18:24.661Z - info: [32minfo: [39mAdmin user created
2017-03-25T06:18:24.690Z - info: [32minfo: [39m
2017-03-25T06:18:24.691Z - info: [32minfo: [39m               .-..-.
2017-03-25T06:18:24.691Z - info: [32minfo: [39m
2017-03-25T06:18:24.691Z - info: [32minfo: [39m   Sails              <|    .-..-.
2017-03-25T06:18:24.691Z - info: [32minfo: [39m   v0.12.13            |\
2017-03-25T06:18:24.691Z - info: [32minfo: [39m                      /|.\
2017-03-25T06:18:24.691Z - info: [32minfo: [39m                     / || \
2017-03-25T06:18:24.691Z - info: [32minfo: [39m                   ,'  |'  \
2017-03-25T06:18:24.691Z - info: [32minfo: [39m                .-'.-==|/_--'
2017-03-25T06:18:24.691Z - info: [32minfo: [39m                `--'-------' 
2017-03-25T06:18:24.691Z - info: [32minfo: [39m   __---___--___---___--___---___--___
2017-03-25T06:18:24.691Z - info: [32minfo: [39m ____---___--___---___--___---___--___-__
2017-03-25T06:18:24.691Z - info: [32minfo: [39m
2017-03-25T06:18:24.691Z - info: [32minfo: [39mServer lifted in `/Users/ichevelasco/Projects/Web/bitbucket/inventory`
2017-03-25T06:18:24.693Z - info: [32minfo: [39m[4mTo see your app, visit http://0.0.0.0:1337[24m
2017-03-25T06:18:24.693Z - info: [32minfo: [39mTo shut down Sails, press <CTRL> + C at any time.
2017-03-25T06:26:45.992Z - error: [31merror: [39mError (E_VALIDATION) :: 1 attribute is invalid
    at WLValidationError.WLError (/Users/ichevelasco/Projects/Web/bitbucket/inventory/node_modules/sails/node_modules/sails-hook-orm/node_modules/waterline/lib/waterline/error/WLError.js:25:15)
    at new WLValidationError (/Users/ichevelasco/Projects/Web/bitbucket/inventory/node_modules/sails/node_modules/sails-hook-orm/node_modules/waterline/lib/waterline/error/WLValidationError.js:19:28)
    at _afterValidating (/Users/ichevelasco/Projects/Web/bitbucket/inventory/node_modules/sails/node_modules/sails-hook-orm/node_modules/waterline/lib/waterline/query/validate.js:53:23)
    at allValidationsChecked (/Users/ichevelasco/Projects/Web/bitbucket/inventory/node_modules/sails/node_modules/sails-hook-orm/node_modules/waterline/lib/waterline/core/validations.js:265:12)
    at /Users/ichevelasco/Projects/Web/bitbucket/inventory/node_modules/sails/node_modules/sails-hook-orm/node_modules/async/lib/async.js:52:16
    at Object.async.forEachOf.async.eachOf (/Users/ichevelasco/Projects/Web/bitbucket/inventory/node_modules/sails/node_modules/sails-hook-orm/node_modules/async/lib/async.js:236:30)
    at Object.async.forEach.async.each (/Users/ichevelasco/Projects/Web/bitbucket/inventory/node_modules/sails/node_modules/sails-hook-orm/node_modules/async/lib/async.js:209:22)
    at Validator.validate (/Users/ichevelasco/Projects/Web/bitbucket/inventory/node_modules/sails/node_modules/sails-hook-orm/node_modules/waterline/lib/waterline/core/validations.js:144:9)
    at /Users/ichevelasco/Projects/Web/bitbucket/inventory/node_modules/sails/node_modules/sails-hook-orm/node_modules/waterline/lib/waterline/query/validate.js:42:25
    at /Users/ichevelasco/Projects/Web/bitbucket/inventory/node_modules/sails/node_modules/sails-hook-orm/node_modules/async/lib/async.js:718:13
    at Immediate.iterate [as _onImmediate] (/Users/ichevelasco/Projects/Web/bitbucket/inventory/node_modules/sails/node_modules/sails-hook-orm/node_modules/async/lib/async.js:262:13)
    at processImmediate [as _immediateCallback] (timers.js:367:17)

Invalid attributes sent to Order:
 • orderDate
   • Value should be a datetime (instead of null, which is an object)
   • "required" validation rule failed for input: null
Specifically, it threw an error.  Details:
 undefined

2017-03-25T06:29:25.472Z - info: [32minfo: [39mAdmin user created
2017-03-25T06:29:25.495Z - info: [32minfo: [39m
2017-03-25T06:29:25.495Z - info: [32minfo: [39m               .-..-.
2017-03-25T06:29:25.495Z - info: [32minfo: [39m
2017-03-25T06:29:25.496Z - info: [32minfo: [39m   Sails              <|    .-..-.
2017-03-25T06:29:25.496Z - info: [32minfo: [39m   v0.12.13            |\
2017-03-25T06:29:25.496Z - info: [32minfo: [39m                      /|.\
2017-03-25T06:29:25.496Z - info: [32minfo: [39m                     / || \
2017-03-25T06:29:25.496Z - info: [32minfo: [39m                   ,'  |'  \
2017-03-25T06:29:25.496Z - info: [32minfo: [39m                .-'.-==|/_--'
2017-03-25T06:29:25.496Z - info: [32minfo: [39m                `--'-------' 
2017-03-25T06:29:25.496Z - info: [32minfo: [39m   __---___--___---___--___---___--___
2017-03-25T06:29:25.496Z - info: [32minfo: [39m ____---___--___---___--___---___--___-__
2017-03-25T06:29:25.496Z - info: [32minfo: [39m
2017-03-25T06:29:25.496Z - info: [32minfo: [39mServer lifted in `/Users/ichevelasco/Projects/Web/bitbucket/inventory`
2017-03-25T06:29:25.497Z - info: [32minfo: [39m[4mTo see your app, visit http://0.0.0.0:1337[24m
2017-03-25T06:29:25.497Z - info: [32minfo: [39mTo shut down Sails, press <CTRL> + C at any time.
2017-03-25T06:30:06.198Z - error: [31merror: [39mError (E_VALIDATION) :: 1 attribute is invalid
    at WLValidationError.WLError (/Users/ichevelasco/Projects/Web/bitbucket/inventory/node_modules/sails/node_modules/sails-hook-orm/node_modules/waterline/lib/waterline/error/WLError.js:25:15)
    at new WLValidationError (/Users/ichevelasco/Projects/Web/bitbucket/inventory/node_modules/sails/node_modules/sails-hook-orm/node_modules/waterline/lib/waterline/error/WLValidationError.js:19:28)
    at _afterValidating (/Users/ichevelasco/Projects/Web/bitbucket/inventory/node_modules/sails/node_modules/sails-hook-orm/node_modules/waterline/lib/waterline/query/validate.js:53:23)
    at allValidationsChecked (/Users/ichevelasco/Projects/Web/bitbucket/inventory/node_modules/sails/node_modules/sails-hook-orm/node_modules/waterline/lib/waterline/core/validations.js:265:12)
    at /Users/ichevelasco/Projects/Web/bitbucket/inventory/node_modules/sails/node_modules/sails-hook-orm/node_modules/async/lib/async.js:52:16
    at Object.async.forEachOf.async.eachOf (/Users/ichevelasco/Projects/Web/bitbucket/inventory/node_modules/sails/node_modules/sails-hook-orm/node_modules/async/lib/async.js:236:30)
    at Object.async.forEach.async.each (/Users/ichevelasco/Projects/Web/bitbucket/inventory/node_modules/sails/node_modules/sails-hook-orm/node_modules/async/lib/async.js:209:22)
    at Validator.validate (/Users/ichevelasco/Projects/Web/bitbucket/inventory/node_modules/sails/node_modules/sails-hook-orm/node_modules/waterline/lib/waterline/core/validations.js:144:9)
    at /Users/ichevelasco/Projects/Web/bitbucket/inventory/node_modules/sails/node_modules/sails-hook-orm/node_modules/waterline/lib/waterline/query/validate.js:42:25
    at /Users/ichevelasco/Projects/Web/bitbucket/inventory/node_modules/sails/node_modules/sails-hook-orm/node_modules/async/lib/async.js:718:13
    at Immediate.iterate [as _onImmediate] (/Users/ichevelasco/Projects/Web/bitbucket/inventory/node_modules/sails/node_modules/sails-hook-orm/node_modules/async/lib/async.js:262:13)
    at processImmediate [as _immediateCallback] (timers.js:367:17)

Invalid attributes sent to Order:
 • orderDate
   • Value should be a datetime (instead of null, which is an object)
   • "required" validation rule failed for input: null
Specifically, it threw an error.  Details:
 undefined

2017-03-25T06:31:01.603Z - info: [32minfo: [39mAdmin user created
2017-03-25T06:31:01.630Z - info: [32minfo: [39m
2017-03-25T06:31:01.630Z - info: [32minfo: [39m               .-..-.
2017-03-25T06:31:01.630Z - info: [32minfo: [39m
2017-03-25T06:31:01.631Z - info: [32minfo: [39m   Sails              <|    .-..-.
2017-03-25T06:31:01.631Z - info: [32minfo: [39m   v0.12.13            |\
2017-03-25T06:31:01.631Z - info: [32minfo: [39m                      /|.\
2017-03-25T06:31:01.631Z - info: [32minfo: [39m                     / || \
2017-03-25T06:31:01.631Z - info: [32minfo: [39m                   ,'  |'  \
2017-03-25T06:31:01.631Z - info: [32minfo: [39m                .-'.-==|/_--'
2017-03-25T06:31:01.631Z - info: [32minfo: [39m                `--'-------' 
2017-03-25T06:31:01.631Z - info: [32minfo: [39m   __---___--___---___--___---___--___
2017-03-25T06:31:01.631Z - info: [32minfo: [39m ____---___--___---___--___---___--___-__
2017-03-25T06:31:01.631Z - info: [32minfo: [39m
2017-03-25T06:31:01.631Z - info: [32minfo: [39mServer lifted in `/Users/ichevelasco/Projects/Web/bitbucket/inventory`
2017-03-25T06:31:01.632Z - info: [32minfo: [39m[4mTo see your app, visit http://0.0.0.0:1337[24m
2017-03-25T06:31:01.632Z - info: [32minfo: [39mTo shut down Sails, press <CTRL> + C at any time.
2017-05-02T12:17:42.577Z - info: [32minfo: [39mAdmin user created
2017-05-02T12:17:42.604Z - info: [32minfo: [39m
2017-05-02T12:17:42.605Z - info: [32minfo: [39m               .-..-.
2017-05-02T12:17:42.605Z - info: [32minfo: [39m
2017-05-02T12:17:42.605Z - info: [32minfo: [39m   Sails              <|    .-..-.
2017-05-02T12:17:42.605Z - info: [32minfo: [39m   v0.12.13            |\
2017-05-02T12:17:42.605Z - info: [32minfo: [39m                      /|.\
2017-05-02T12:17:42.605Z - info: [32minfo: [39m                     / || \
2017-05-02T12:17:42.605Z - info: [32minfo: [39m                   ,'  |'  \
2017-05-02T12:17:42.605Z - info: [32minfo: [39m                .-'.-==|/_--'
2017-05-02T12:17:42.605Z - info: [32minfo: [39m                `--'-------' 
2017-05-02T12:17:42.605Z - info: [32minfo: [39m   __---___--___---___--___---___--___
2017-05-02T12:17:42.605Z - info: [32minfo: [39m ____---___--___---___--___---___--___-__
2017-05-02T12:17:42.605Z - info: [32minfo: [39m
2017-05-02T12:17:42.605Z - info: [32minfo: [39mServer lifted in `/Users/ichevelasco/Projects/Web/bitbucket/inventory`
2017-05-02T12:17:42.606Z - info: [32minfo: [39m[4mTo see your app, visit http://0.0.0.0:1337[24m
2017-05-02T12:17:42.606Z - info: [32minfo: [39mTo shut down Sails, press <CTRL> + C at any time.
